<?xml version="1.0" encoding="UTF-8"?>
<testng-results skipped="0" failed="0" ignored="0" total="1" passed="1">
  <reporter-output>
  </reporter-output>
  <suite name="Default suite" duration-ms="22552" started-at="2020-01-17T20:58:33Z" finished-at="2020-01-17T20:58:56Z">
    <groups>
    </groups>
    <test name="Default test" duration-ms="22552" started-at="2020-01-17T20:58:33Z" finished-at="2020-01-17T20:58:56Z">
      <class name="com.revature.test.QCSurveyScript">
        <test-method status="PASS" signature="setUp()[pri:0, instance:com.revature.test.QCSurveyScript@29ee9faa]" name="setUp" is-config="true" duration-ms="6419" started-at="2020-01-17T20:58:33Z" finished-at="2020-01-17T20:58:40Z">
          <reporter-output>
          </reporter-output>
        </test-method> <!-- setUp -->
        <test-method status="PASS" signature="doesntNeedToBeATestButIAlreadyMadeThisJavaFile()[pri:0, instance:com.revature.test.QCSurveyScript@29ee9faa]" name="doesntNeedToBeATestButIAlreadyMadeThisJavaFile" duration-ms="16118" started-at="2020-01-17T20:58:40Z" finished-at="2020-01-17T20:58:56Z">
          <reporter-output>
          </reporter-output>
        </test-method> <!-- doesntNeedToBeATestButIAlreadyMadeThisJavaFile -->
      </class> <!-- com.revature.test.QCSurveyScript -->
    </test> <!-- Default test -->
  </suite> <!-- Default suite -->
</testng-results>
